<?xml version="1.0" encoding="UTF-8"?>
<!-- Generated by org.testng.reporters.JUnitReportReporter -->
<testsuite skipped="0" hostname="DESKTOP-F3S2J0I" name="TestReservation" tests="4" failures="0" timestamp="14 Apr 2019 13:18:27 GMT" time="25.998" errors="0">
  <testcase name="verifyErrorMessageTest" time="6.591" classname="TestReservation"/>
  <testcase name="verifyTypeOfServiceTest" time="6.818" classname="TestReservation"/>
  <testcase name="verifytNameAndEmailConstraintTest" time="6.733" classname="TestReservation"/>
  <testcase name="verifyReservationPageTitleTest" time="5.856" classname="TestReservation"/>
</testsuite> <!-- TestReservation -->
